<?xml version="1.0" encoding="UTF-8"?>
<!-- Generated by org.testng.reporters.JUnitReportReporter -->
<testsuite skipped="0" hostname="User-PC" name="code.challenge.Calendar_session" tests="1" failures="0" timestamp="2021-07-05T13:45:05 AEST" time="0.014" errors="0">
  <testcase name="f" time="0.014" classname="code.challenge.Calendar_session"/>
  <system-out/>
</testsuite> <!-- code.challenge.Calendar_session -->
